2021-03-30 09:24:09.266  INFO 13908 --- [restartedMain] com.bx.community.CommunityApplication    : Starting CommunityApplication using Java 1.8.0_191 on LAPTOP-T8SEC5B9 with PID 13908 (E:\AAAFrequently-used\Project\MyGithubPublicProject\community\target\classes started by hbx in E:\AAAFrequently-used\Project\MyGithubPublicProject\community)
2021-03-30 09:24:09.279  INFO 13908 --- [restartedMain] com.bx.community.CommunityApplication    : No active profile set, falling back to default profiles: default
2021-03-30 09:24:09.495  INFO 13908 --- [restartedMain] .e.DevToolsPropertyDefaultsPostProcessor : Devtools property defaults active! Set 'spring.devtools.add-properties' to 'false' to disable
2021-03-30 09:24:09.496  INFO 13908 --- [restartedMain] .e.DevToolsPropertyDefaultsPostProcessor : For additional web related logging consider setting the 'logging.level.web' property to 'DEBUG'
2021-03-30 09:24:09.572  WARN 13908 --- [background-preinit] o.s.h.c.j.Jackson2ObjectMapperBuilder    : For Jackson Kotlin classes support please add "com.fasterxml.jackson.module:jackson-module-kotlin" to the classpath
2021-03-30 09:24:10.905  INFO 13908 --- [restartedMain] o.s.b.w.embedded.tomcat.TomcatWebServer  : Tomcat initialized with port(s): 8080 (http)
2021-03-30 09:24:10.913  INFO 13908 --- [restartedMain] o.apache.catalina.core.StandardService   : Starting service [Tomcat]
2021-03-30 09:24:10.914  INFO 13908 --- [restartedMain] org.apache.catalina.core.StandardEngine  : Starting Servlet engine: [Apache Tomcat/9.0.41]
2021-03-30 09:24:11.015  INFO 13908 --- [restartedMain] o.a.c.c.C.[Tomcat].[localhost].[/]       : Initializing Spring embedded WebApplicationContext
2021-03-30 09:24:11.015  INFO 13908 --- [restartedMain] w.s.c.ServletWebServerApplicationContext : Root WebApplicationContext: initialization completed in 1450 ms
2021-03-30 09:24:11.087  INFO 13908 --- [restartedMain] com.zaxxer.hikari.HikariDataSource       : HikariPool-1 - Starting...
2021-03-30 09:24:11.643  INFO 13908 --- [restartedMain] com.zaxxer.hikari.HikariDataSource       : HikariPool-1 - Start completed.
2021-03-30 09:24:11.647  INFO 13908 --- [restartedMain] o.s.b.a.h2.H2ConsoleAutoConfiguration    : H2 console available at '/h2-console'. Database available at 'jdbc:mysql://127.0.0.1:3306/community?serverTimezone=UTC'
2021-03-30 09:24:12.207  INFO 13908 --- [restartedMain] o.s.s.concurrent.ThreadPoolTaskExecutor  : Initializing ExecutorService 'applicationTaskExecutor'
2021-03-30 09:24:12.304  INFO 13908 --- [restartedMain] o.s.b.a.w.s.WelcomePageHandlerMapping    : Adding welcome page template: index
2021-03-30 09:24:12.500  INFO 13908 --- [restartedMain] o.s.s.c.ThreadPoolTaskScheduler          : Initializing ExecutorService 'taskScheduler'
2021-03-30 09:24:12.575  INFO 13908 --- [restartedMain] o.s.b.d.a.OptionalLiveReloadServer       : LiveReload server is running on port 35729
2021-03-30 09:24:12.610  INFO 13908 --- [restartedMain] o.s.b.w.embedded.tomcat.TomcatWebServer  : Tomcat started on port(s): 8080 (http) with context path ''
2021-03-30 09:24:12.618  INFO 13908 --- [scheduling-1] com.bx.community.schedule.HotTagTasks    : hotTagSchedule start Tue Mar 30 09:24:12 CST 2021
2021-03-30 09:24:12.620  INFO 13908 --- [restartedMain] com.bx.community.CommunityApplication    : Started CommunityApplication in 3.917 seconds (JVM running for 5.549)
2021-03-30 09:24:12.710  INFO 13908 --- [scheduling-1] com.bx.community.schedule.HotTagTasks    : hotTagSchedule stop Tue Mar 30 09:24:12 CST 2021
2021-03-30 09:24:18.658  INFO 13908 --- [http-nio-8080-exec-1] o.a.c.c.C.[Tomcat].[localhost].[/]       : Initializing Spring DispatcherServlet 'dispatcherServlet'
2021-03-30 09:24:18.658  INFO 13908 --- [http-nio-8080-exec-1] o.s.web.servlet.DispatcherServlet        : Initializing Servlet 'dispatcherServlet'
2021-03-30 09:24:18.659  INFO 13908 --- [http-nio-8080-exec-1] o.s.web.servlet.DispatcherServlet        : Completed initialization in 1 ms
2021-03-30 09:29:27.207  INFO 11124 --- [restartedMain] com.bx.community.CommunityApplication    : Starting CommunityApplication using Java 1.8.0_191 on LAPTOP-T8SEC5B9 with PID 11124 (E:\AAAFrequently-used\Project\MyGithubPublicProject\community\target\classes started by hbx in E:\AAAFrequently-used\Project\MyGithubPublicProject\community)
2021-03-30 09:29:27.210  INFO 11124 --- [restartedMain] com.bx.community.CommunityApplication    : No active profile set, falling back to default profiles: default
2021-03-30 09:29:27.261  INFO 11124 --- [restartedMain] .e.DevToolsPropertyDefaultsPostProcessor : Devtools property defaults active! Set 'spring.devtools.add-properties' to 'false' to disable
2021-03-30 09:29:27.261  INFO 11124 --- [restartedMain] .e.DevToolsPropertyDefaultsPostProcessor : For additional web related logging consider setting the 'logging.level.web' property to 'DEBUG'
2021-03-30 09:29:27.271  WARN 11124 --- [background-preinit] o.s.h.c.j.Jackson2ObjectMapperBuilder    : For Jackson Kotlin classes support please add "com.fasterxml.jackson.module:jackson-module-kotlin" to the classpath
2021-03-30 09:29:28.107  INFO 11124 --- [restartedMain] o.s.b.w.embedded.tomcat.TomcatWebServer  : Tomcat initialized with port(s): 8080 (http)
2021-03-30 09:29:28.113  INFO 11124 --- [restartedMain] o.apache.catalina.core.StandardService   : Starting service [Tomcat]
2021-03-30 09:29:28.113  INFO 11124 --- [restartedMain] org.apache.catalina.core.StandardEngine  : Starting Servlet engine: [Apache Tomcat/9.0.41]
2021-03-30 09:29:28.193  INFO 11124 --- [restartedMain] o.a.c.c.C.[Tomcat].[localhost].[/]       : Initializing Spring embedded WebApplicationContext
2021-03-30 09:29:28.193  INFO 11124 --- [restartedMain] w.s.c.ServletWebServerApplicationContext : Root WebApplicationContext: initialization completed in 930 ms
2021-03-30 09:29:28.223  INFO 11124 --- [restartedMain] com.zaxxer.hikari.HikariDataSource       : HikariPool-1 - Starting...
2021-03-30 09:29:28.653  INFO 11124 --- [restartedMain] com.zaxxer.hikari.HikariDataSource       : HikariPool-1 - Start completed.
2021-03-30 09:29:28.657  INFO 11124 --- [restartedMain] o.s.b.a.h2.H2ConsoleAutoConfiguration    : H2 console available at '/h2-console'. Database available at 'jdbc:mysql://127.0.0.1:3306/community?serverTimezone=UTC'
2021-03-30 09:29:29.073  INFO 11124 --- [restartedMain] o.s.s.concurrent.ThreadPoolTaskExecutor  : Initializing ExecutorService 'applicationTaskExecutor'
2021-03-30 09:29:29.126  INFO 11124 --- [restartedMain] o.s.b.a.w.s.WelcomePageHandlerMapping    : Adding welcome page template: index
2021-03-30 09:29:29.231  INFO 11124 --- [restartedMain] o.s.s.c.ThreadPoolTaskScheduler          : Initializing ExecutorService 'taskScheduler'
2021-03-30 09:29:29.300  INFO 11124 --- [restartedMain] o.s.b.d.a.OptionalLiveReloadServer       : LiveReload server is running on port 35729
2021-03-30 09:29:29.325  INFO 11124 --- [restartedMain] o.s.b.w.embedded.tomcat.TomcatWebServer  : Tomcat started on port(s): 8080 (http) with context path ''
2021-03-30 09:29:29.332  INFO 11124 --- [scheduling-1] com.bx.community.schedule.HotTagTasks    : hotTagSchedule start Tue Mar 30 09:29:29 CST 2021
2021-03-30 09:29:29.335  INFO 11124 --- [restartedMain] com.bx.community.CommunityApplication    : Started CommunityApplication in 2.514 seconds (JVM running for 3.433)
2021-03-30 09:29:29.400  INFO 11124 --- [scheduling-1] com.bx.community.schedule.HotTagTasks    : hotTagSchedule stop Tue Mar 30 09:29:29 CST 2021
2021-03-30 09:29:34.978  INFO 11124 --- [http-nio-8080-exec-1] o.a.c.c.C.[Tomcat].[localhost].[/]       : Initializing Spring DispatcherServlet 'dispatcherServlet'
2021-03-30 09:29:34.978  INFO 11124 --- [http-nio-8080-exec-1] o.s.web.servlet.DispatcherServlet        : Initializing Servlet 'dispatcherServlet'
2021-03-30 09:29:34.979  INFO 11124 --- [http-nio-8080-exec-1] o.s.web.servlet.DispatcherServlet        : Completed initialization in 1 ms
2021-03-30 11:01:05.119  INFO 11336 --- [restartedMain] com.bx.community.CommunityApplication    : Starting CommunityApplication using Java 1.8.0_191 on LAPTOP-T8SEC5B9 with PID 11336 (E:\AAAFrequently-used\Project\MyGithubPublicProject\community\target\classes started by hbx in E:\AAAFrequently-used\Project\MyGithubPublicProject\community)
2021-03-30 11:01:05.131  INFO 11336 --- [restartedMain] com.bx.community.CommunityApplication    : No active profile set, falling back to default profiles: default
2021-03-30 11:01:05.176  WARN 11336 --- [background-preinit] o.s.h.c.j.Jackson2ObjectMapperBuilder    : For Jackson Kotlin classes support please add "com.fasterxml.jackson.module:jackson-module-kotlin" to the classpath
2021-03-30 11:01:05.181  INFO 11336 --- [restartedMain] .e.DevToolsPropertyDefaultsPostProcessor : Devtools property defaults active! Set 'spring.devtools.add-properties' to 'false' to disable
2021-03-30 11:01:05.181  INFO 11336 --- [restartedMain] .e.DevToolsPropertyDefaultsPostProcessor : For additional web related logging consider setting the 'logging.level.web' property to 'DEBUG'
2021-03-30 11:01:06.522  INFO 11336 --- [restartedMain] o.s.b.w.embedded.tomcat.TomcatWebServer  : Tomcat initialized with port(s): 8080 (http)
2021-03-30 11:01:06.532  INFO 11336 --- [restartedMain] o.apache.catalina.core.StandardService   : Starting service [Tomcat]
2021-03-30 11:01:06.533  INFO 11336 --- [restartedMain] org.apache.catalina.core.StandardEngine  : Starting Servlet engine: [Apache Tomcat/9.0.41]
2021-03-30 11:01:06.670  INFO 11336 --- [restartedMain] o.a.c.c.C.[Tomcat].[localhost].[/]       : Initializing Spring embedded WebApplicationContext
2021-03-30 11:01:06.671  INFO 11336 --- [restartedMain] w.s.c.ServletWebServerApplicationContext : Root WebApplicationContext: initialization completed in 1488 ms
2021-03-30 11:01:06.773  INFO 11336 --- [restartedMain] com.zaxxer.hikari.HikariDataSource       : HikariPool-1 - Starting...
2021-03-30 11:01:07.279  INFO 11336 --- [restartedMain] com.zaxxer.hikari.HikariDataSource       : HikariPool-1 - Start completed.
2021-03-30 11:01:07.283  INFO 11336 --- [restartedMain] o.s.b.a.h2.H2ConsoleAutoConfiguration    : H2 console available at '/h2-console'. Database available at 'jdbc:mysql://127.0.0.1:3306/community?serverTimezone=UTC'
2021-03-30 11:01:07.941  INFO 11336 --- [restartedMain] o.s.s.concurrent.ThreadPoolTaskExecutor  : Initializing ExecutorService 'applicationTaskExecutor'
2021-03-30 11:01:08.040  INFO 11336 --- [restartedMain] o.s.b.a.w.s.WelcomePageHandlerMapping    : Adding welcome page template: index
2021-03-30 11:01:08.281  INFO 11336 --- [restartedMain] o.s.s.c.ThreadPoolTaskScheduler          : Initializing ExecutorService 'taskScheduler'
2021-03-30 11:01:08.367  INFO 11336 --- [restartedMain] o.s.b.d.a.OptionalLiveReloadServer       : LiveReload server is running on port 35729
2021-03-30 11:01:08.415  INFO 11336 --- [restartedMain] o.s.b.w.embedded.tomcat.TomcatWebServer  : Tomcat started on port(s): 8080 (http) with context path ''
2021-03-30 11:01:08.425  INFO 11336 --- [scheduling-1] com.bx.community.schedule.HotTagTasks    : hotTagSchedule start Tue Mar 30 11:01:08 CST 2021
2021-03-30 11:01:08.428  INFO 11336 --- [restartedMain] com.bx.community.CommunityApplication    : Started CommunityApplication in 3.829 seconds (JVM running for 5.271)
2021-03-30 11:01:08.535  INFO 11336 --- [scheduling-1] com.bx.community.schedule.HotTagTasks    : hotTagSchedule stop Tue Mar 30 11:01:08 CST 2021
2021-03-30 11:01:13.475  INFO 11336 --- [http-nio-8080-exec-1] o.a.c.c.C.[Tomcat].[localhost].[/]       : Initializing Spring DispatcherServlet 'dispatcherServlet'
2021-03-30 11:01:13.475  INFO 11336 --- [http-nio-8080-exec-1] o.s.web.servlet.DispatcherServlet        : Initializing Servlet 'dispatcherServlet'
2021-03-30 11:01:13.476  INFO 11336 --- [http-nio-8080-exec-1] o.s.web.servlet.DispatcherServlet        : Completed initialization in 1 ms
2021-03-30 11:07:31.799  INFO 9468 --- [restartedMain] com.bx.community.CommunityApplication    : Starting CommunityApplication using Java 1.8.0_191 on LAPTOP-T8SEC5B9 with PID 9468 (E:\AAAFrequently-used\Project\MyGithubPublicProject\community\target\classes started by hbx in E:\AAAFrequently-used\Project\MyGithubPublicProject\community)
2021-03-30 11:07:31.802  INFO 9468 --- [restartedMain] com.bx.community.CommunityApplication    : No active profile set, falling back to default profiles: default
2021-03-30 11:07:31.862  INFO 9468 --- [restartedMain] .e.DevToolsPropertyDefaultsPostProcessor : Devtools property defaults active! Set 'spring.devtools.add-properties' to 'false' to disable
2021-03-30 11:07:31.862  INFO 9468 --- [restartedMain] .e.DevToolsPropertyDefaultsPostProcessor : For additional web related logging consider setting the 'logging.level.web' property to 'DEBUG'
2021-03-30 11:07:31.878  WARN 9468 --- [background-preinit] o.s.h.c.j.Jackson2ObjectMapperBuilder    : For Jackson Kotlin classes support please add "com.fasterxml.jackson.module:jackson-module-kotlin" to the classpath
2021-03-30 11:07:32.907  INFO 9468 --- [restartedMain] o.s.b.w.embedded.tomcat.TomcatWebServer  : Tomcat initialized with port(s): 8080 (http)
2021-03-30 11:07:32.913  INFO 9468 --- [restartedMain] o.apache.catalina.core.StandardService   : Starting service [Tomcat]
2021-03-30 11:07:32.914  INFO 9468 --- [restartedMain] org.apache.catalina.core.StandardEngine  : Starting Servlet engine: [Apache Tomcat/9.0.41]
2021-03-30 11:07:33.001  INFO 9468 --- [restartedMain] o.a.c.c.C.[Tomcat].[localhost].[/]       : Initializing Spring embedded WebApplicationContext
2021-03-30 11:07:33.001  INFO 9468 --- [restartedMain] w.s.c.ServletWebServerApplicationContext : Root WebApplicationContext: initialization completed in 1138 ms
2021-03-30 11:07:33.031  INFO 9468 --- [restartedMain] com.zaxxer.hikari.HikariDataSource       : HikariPool-1 - Starting...
2021-03-30 11:07:33.463  INFO 9468 --- [restartedMain] com.zaxxer.hikari.HikariDataSource       : HikariPool-1 - Start completed.
2021-03-30 11:07:33.467  INFO 9468 --- [restartedMain] o.s.b.a.h2.H2ConsoleAutoConfiguration    : H2 console available at '/h2-console'. Database available at 'jdbc:mysql://127.0.0.1:3306/community?serverTimezone=UTC'
2021-03-30 11:07:33.916  INFO 9468 --- [restartedMain] o.s.s.concurrent.ThreadPoolTaskExecutor  : Initializing ExecutorService 'applicationTaskExecutor'
2021-03-30 11:07:33.968  INFO 9468 --- [restartedMain] o.s.b.a.w.s.WelcomePageHandlerMapping    : Adding welcome page template: index
2021-03-30 11:07:34.066  INFO 9468 --- [restartedMain] o.s.s.c.ThreadPoolTaskScheduler          : Initializing ExecutorService 'taskScheduler'
2021-03-30 11:07:34.133  WARN 9468 --- [restartedMain] o.s.b.d.a.OptionalLiveReloadServer       : Unable to start LiveReload server
2021-03-30 11:07:34.159  INFO 9468 --- [restartedMain] o.s.b.w.embedded.tomcat.TomcatWebServer  : Tomcat started on port(s): 8080 (http) with context path ''
2021-03-30 11:07:34.166  INFO 9468 --- [scheduling-1] com.bx.community.schedule.HotTagTasks    : hotTagSchedule start Tue Mar 30 11:07:34 CST 2021
2021-03-30 11:07:34.169  INFO 9468 --- [restartedMain] com.bx.community.CommunityApplication    : Started CommunityApplication in 2.805 seconds (JVM running for 3.773)
2021-03-30 11:07:34.222  INFO 9468 --- [scheduling-1] com.bx.community.schedule.HotTagTasks    : hotTagSchedule stop Tue Mar 30 11:07:34 CST 2021
2021-03-30 11:07:53.814  INFO 9468 --- [http-nio-8080-exec-1] o.a.c.c.C.[Tomcat].[localhost].[/]       : Initializing Spring DispatcherServlet 'dispatcherServlet'
2021-03-30 11:07:53.815  INFO 9468 --- [http-nio-8080-exec-1] o.s.web.servlet.DispatcherServlet        : Initializing Servlet 'dispatcherServlet'
2021-03-30 11:07:53.816  INFO 9468 --- [http-nio-8080-exec-1] o.s.web.servlet.DispatcherServlet        : Completed initialization in 1 ms
2021-03-30 11:12:01.831  INFO 13876 --- [restartedMain] com.bx.community.CommunityApplication    : Starting CommunityApplication using Java 1.8.0_191 on LAPTOP-T8SEC5B9 with PID 13876 (E:\AAAFrequently-used\Project\MyGithubPublicProject\community\target\classes started by hbx in E:\AAAFrequently-used\Project\MyGithubPublicProject\community)
2021-03-30 11:12:01.835  INFO 13876 --- [restartedMain] com.bx.community.CommunityApplication    : No active profile set, falling back to default profiles: default
2021-03-30 11:12:01.893  INFO 13876 --- [restartedMain] .e.DevToolsPropertyDefaultsPostProcessor : Devtools property defaults active! Set 'spring.devtools.add-properties' to 'false' to disable
2021-03-30 11:12:01.894  INFO 13876 --- [restartedMain] .e.DevToolsPropertyDefaultsPostProcessor : For additional web related logging consider setting the 'logging.level.web' property to 'DEBUG'
2021-03-30 11:12:01.908  WARN 13876 --- [background-preinit] o.s.h.c.j.Jackson2ObjectMapperBuilder    : For Jackson Kotlin classes support please add "com.fasterxml.jackson.module:jackson-module-kotlin" to the classpath
2021-03-30 11:12:02.908  INFO 13876 --- [restartedMain] o.s.b.w.embedded.tomcat.TomcatWebServer  : Tomcat initialized with port(s): 8080 (http)
2021-03-30 11:12:02.914  INFO 13876 --- [restartedMain] o.apache.catalina.core.StandardService   : Starting service [Tomcat]
2021-03-30 11:12:02.914  INFO 13876 --- [restartedMain] org.apache.catalina.core.StandardEngine  : Starting Servlet engine: [Apache Tomcat/9.0.41]
2021-03-30 11:12:03.012  INFO 13876 --- [restartedMain] o.a.c.c.C.[Tomcat].[localhost].[/]       : Initializing Spring embedded WebApplicationContext
2021-03-30 11:12:03.012  INFO 13876 --- [restartedMain] w.s.c.ServletWebServerApplicationContext : Root WebApplicationContext: initialization completed in 1118 ms
2021-03-30 11:12:03.054  INFO 13876 --- [restartedMain] com.zaxxer.hikari.HikariDataSource       : HikariPool-1 - Starting...
2021-03-30 11:12:03.587  INFO 13876 --- [restartedMain] com.zaxxer.hikari.HikariDataSource       : HikariPool-1 - Start completed.
2021-03-30 11:12:03.591  INFO 13876 --- [restartedMain] o.s.b.a.h2.H2ConsoleAutoConfiguration    : H2 console available at '/h2-console'. Database available at 'jdbc:mysql://127.0.0.1:3306/community?serverTimezone=UTC'
2021-03-30 11:12:04.064  INFO 13876 --- [restartedMain] o.s.s.concurrent.ThreadPoolTaskExecutor  : Initializing ExecutorService 'applicationTaskExecutor'
2021-03-30 11:12:04.140  INFO 13876 --- [restartedMain] o.s.b.a.w.s.WelcomePageHandlerMapping    : Adding welcome page template: index
2021-03-30 11:12:04.326  INFO 13876 --- [restartedMain] o.s.s.c.ThreadPoolTaskScheduler          : Initializing ExecutorService 'taskScheduler'
2021-03-30 11:12:04.424  INFO 13876 --- [restartedMain] o.s.b.d.a.OptionalLiveReloadServer       : LiveReload server is running on port 35729
2021-03-30 11:12:04.452  INFO 13876 --- [restartedMain] o.s.b.w.embedded.tomcat.TomcatWebServer  : Tomcat started on port(s): 8080 (http) with context path ''
2021-03-30 11:12:04.459  INFO 13876 --- [scheduling-1] com.bx.community.schedule.HotTagTasks    : hotTagSchedule start Tue Mar 30 11:12:04 CST 2021
2021-03-30 11:12:04.463  INFO 13876 --- [restartedMain] com.bx.community.CommunityApplication    : Started CommunityApplication in 3.03 seconds (JVM running for 4.118)
2021-03-30 11:12:04.527  INFO 13876 --- [scheduling-1] com.bx.community.schedule.HotTagTasks    : hotTagSchedule stop Tue Mar 30 11:12:04 CST 2021
2021-03-30 11:12:10.507  INFO 13876 --- [http-nio-8080-exec-1] o.a.c.c.C.[Tomcat].[localhost].[/]       : Initializing Spring DispatcherServlet 'dispatcherServlet'
2021-03-30 11:12:10.508  INFO 13876 --- [http-nio-8080-exec-1] o.s.web.servlet.DispatcherServlet        : Initializing Servlet 'dispatcherServlet'
2021-03-30 11:12:10.508  INFO 13876 --- [http-nio-8080-exec-1] o.s.web.servlet.DispatcherServlet        : Completed initialization in 0 ms
2021-03-30 11:12:42.405  INFO 10560 --- [restartedMain] com.bx.community.CommunityApplication    : Starting CommunityApplication using Java 1.8.0_191 on LAPTOP-T8SEC5B9 with PID 10560 (E:\AAAFrequently-used\Project\MyGithubPublicProject\community\target\classes started by hbx in E:\AAAFrequently-used\Project\MyGithubPublicProject\community)
2021-03-30 11:12:42.407  INFO 10560 --- [restartedMain] com.bx.community.CommunityApplication    : No active profile set, falling back to default profiles: default
2021-03-30 11:12:42.450  INFO 10560 --- [restartedMain] .e.DevToolsPropertyDefaultsPostProcessor : Devtools property defaults active! Set 'spring.devtools.add-properties' to 'false' to disable
2021-03-30 11:12:42.451  INFO 10560 --- [restartedMain] .e.DevToolsPropertyDefaultsPostProcessor : For additional web related logging consider setting the 'logging.level.web' property to 'DEBUG'
2021-03-30 11:12:42.461  WARN 10560 --- [background-preinit] o.s.h.c.j.Jackson2ObjectMapperBuilder    : For Jackson Kotlin classes support please add "com.fasterxml.jackson.module:jackson-module-kotlin" to the classpath
2021-03-30 11:12:43.438  INFO 10560 --- [restartedMain] o.s.b.w.embedded.tomcat.TomcatWebServer  : Tomcat initialized with port(s): 8080 (http)
2021-03-30 11:12:43.446  INFO 10560 --- [restartedMain] o.apache.catalina.core.StandardService   : Starting service [Tomcat]
2021-03-30 11:12:43.446  INFO 10560 --- [restartedMain] org.apache.catalina.core.StandardEngine  : Starting Servlet engine: [Apache Tomcat/9.0.41]
2021-03-30 11:12:43.535  INFO 10560 --- [restartedMain] o.a.c.c.C.[Tomcat].[localhost].[/]       : Initializing Spring embedded WebApplicationContext
2021-03-30 11:12:43.535  INFO 10560 --- [restartedMain] w.s.c.ServletWebServerApplicationContext : Root WebApplicationContext: initialization completed in 1084 ms
2021-03-30 11:12:43.572  INFO 10560 --- [restartedMain] com.zaxxer.hikari.HikariDataSource       : HikariPool-1 - Starting...
2021-03-30 11:12:44.092  INFO 10560 --- [restartedMain] com.zaxxer.hikari.HikariDataSource       : HikariPool-1 - Start completed.
2021-03-30 11:12:44.096  INFO 10560 --- [restartedMain] o.s.b.a.h2.H2ConsoleAutoConfiguration    : H2 console available at '/h2-console'. Database available at 'jdbc:mysql://127.0.0.1:3306/community?serverTimezone=UTC'
2021-03-30 11:12:44.586  INFO 10560 --- [restartedMain] o.s.s.concurrent.ThreadPoolTaskExecutor  : Initializing ExecutorService 'applicationTaskExecutor'
2021-03-30 11:12:44.695  INFO 10560 --- [restartedMain] o.s.b.a.w.s.WelcomePageHandlerMapping    : Adding welcome page template: index
2021-03-30 11:12:44.881  INFO 10560 --- [restartedMain] o.s.s.c.ThreadPoolTaskScheduler          : Initializing ExecutorService 'taskScheduler'
2021-03-30 11:12:44.977  INFO 10560 --- [restartedMain] o.s.b.d.a.OptionalLiveReloadServer       : LiveReload server is running on port 35729
2021-03-30 11:12:45.017  INFO 10560 --- [restartedMain] o.s.b.w.embedded.tomcat.TomcatWebServer  : Tomcat started on port(s): 8080 (http) with context path ''
2021-03-30 11:12:45.027  INFO 10560 --- [scheduling-1] com.bx.community.schedule.HotTagTasks    : hotTagSchedule start Tue Mar 30 11:12:45 CST 2021
2021-03-30 11:12:45.039  INFO 10560 --- [restartedMain] com.bx.community.CommunityApplication    : Started CommunityApplication in 3.051 seconds (JVM running for 4.083)
2021-03-30 11:12:45.107  INFO 10560 --- [scheduling-1] com.bx.community.schedule.HotTagTasks    : hotTagSchedule stop Tue Mar 30 11:12:45 CST 2021
2021-03-30 11:12:50.700  INFO 10560 --- [http-nio-8080-exec-1] o.a.c.c.C.[Tomcat].[localhost].[/]       : Initializing Spring DispatcherServlet 'dispatcherServlet'
2021-03-30 11:12:50.700  INFO 10560 --- [http-nio-8080-exec-1] o.s.web.servlet.DispatcherServlet        : Initializing Servlet 'dispatcherServlet'
2021-03-30 11:12:50.700  INFO 10560 --- [http-nio-8080-exec-1] o.s.web.servlet.DispatcherServlet        : Completed initialization in 0 ms
2021-03-30 11:18:11.584  INFO 1260 --- [restartedMain] com.bx.community.CommunityApplication    : Starting CommunityApplication using Java 1.8.0_191 on LAPTOP-T8SEC5B9 with PID 1260 (E:\AAAFrequently-used\Project\MyGithubPublicProject\community\target\classes started by hbx in E:\AAAFrequently-used\Project\MyGithubPublicProject\community)
2021-03-30 11:18:11.587  INFO 1260 --- [restartedMain] com.bx.community.CommunityApplication    : No active profile set, falling back to default profiles: default
2021-03-30 11:18:11.637  INFO 1260 --- [restartedMain] .e.DevToolsPropertyDefaultsPostProcessor : Devtools property defaults active! Set 'spring.devtools.add-properties' to 'false' to disable
2021-03-30 11:18:11.637  INFO 1260 --- [restartedMain] .e.DevToolsPropertyDefaultsPostProcessor : For additional web related logging consider setting the 'logging.level.web' property to 'DEBUG'
2021-03-30 11:18:11.651  WARN 1260 --- [background-preinit] o.s.h.c.j.Jackson2ObjectMapperBuilder    : For Jackson Kotlin classes support please add "com.fasterxml.jackson.module:jackson-module-kotlin" to the classpath
2021-03-30 11:18:12.482  INFO 1260 --- [restartedMain] o.s.b.w.embedded.tomcat.TomcatWebServer  : Tomcat initialized with port(s): 8080 (http)
2021-03-30 11:18:12.488  INFO 1260 --- [restartedMain] o.apache.catalina.core.StandardService   : Starting service [Tomcat]
2021-03-30 11:18:12.488  INFO 1260 --- [restartedMain] org.apache.catalina.core.StandardEngine  : Starting Servlet engine: [Apache Tomcat/9.0.41]
2021-03-30 11:18:12.572  INFO 1260 --- [restartedMain] o.a.c.c.C.[Tomcat].[localhost].[/]       : Initializing Spring embedded WebApplicationContext
2021-03-30 11:18:12.572  INFO 1260 --- [restartedMain] w.s.c.ServletWebServerApplicationContext : Root WebApplicationContext: initialization completed in 934 ms
2021-03-30 11:18:12.605  INFO 1260 --- [restartedMain] com.zaxxer.hikari.HikariDataSource       : HikariPool-1 - Starting...
2021-03-30 11:18:13.045  INFO 1260 --- [restartedMain] com.zaxxer.hikari.HikariDataSource       : HikariPool-1 - Start completed.
2021-03-30 11:18:13.049  INFO 1260 --- [restartedMain] o.s.b.a.h2.H2ConsoleAutoConfiguration    : H2 console available at '/h2-console'. Database available at 'jdbc:mysql://127.0.0.1:3306/community?serverTimezone=UTC'
2021-03-30 11:18:13.563  INFO 1260 --- [restartedMain] o.s.s.concurrent.ThreadPoolTaskExecutor  : Initializing ExecutorService 'applicationTaskExecutor'
2021-03-30 11:18:13.640  INFO 1260 --- [restartedMain] o.s.b.a.w.s.WelcomePageHandlerMapping    : Adding welcome page template: index
2021-03-30 11:18:13.816  INFO 1260 --- [restartedMain] o.s.s.c.ThreadPoolTaskScheduler          : Initializing ExecutorService 'taskScheduler'
2021-03-30 11:18:13.891  INFO 1260 --- [restartedMain] o.s.b.d.a.OptionalLiveReloadServer       : LiveReload server is running on port 35729
2021-03-30 11:18:13.918  INFO 1260 --- [restartedMain] o.s.b.w.embedded.tomcat.TomcatWebServer  : Tomcat started on port(s): 8080 (http) with context path ''
2021-03-30 11:18:13.925  INFO 1260 --- [scheduling-1] com.bx.community.schedule.HotTagTasks    : hotTagSchedule start Tue Mar 30 11:18:13 CST 2021
2021-03-30 11:18:13.927  INFO 1260 --- [restartedMain] com.bx.community.CommunityApplication    : Started CommunityApplication in 2.77 seconds (JVM running for 3.654)
2021-03-30 11:18:13.979  INFO 1260 --- [scheduling-1] com.bx.community.schedule.HotTagTasks    : hotTagSchedule stop Tue Mar 30 11:18:13 CST 2021
2021-03-30 11:18:18.741  INFO 1260 --- [http-nio-8080-exec-1] o.a.c.c.C.[Tomcat].[localhost].[/]       : Initializing Spring DispatcherServlet 'dispatcherServlet'
2021-03-30 11:18:18.742  INFO 1260 --- [http-nio-8080-exec-1] o.s.web.servlet.DispatcherServlet        : Initializing Servlet 'dispatcherServlet'
2021-03-30 11:18:18.743  INFO 1260 --- [http-nio-8080-exec-1] o.s.web.servlet.DispatcherServlet        : Completed initialization in 1 ms
2021-03-30 11:18:18.888  WARN 1260 --- [http-nio-8080-exec-1] .m.m.a.ExceptionHandlerExceptionResolver : Resolved [org.springframework.jdbc.BadSqlGrammarException: 
### Error querying database.  Cause: java.sql.SQLSyntaxErrorException: Unknown column 'gmtModified' in 'order clause'
### The error may exist in file [E:\AAAFrequently-used\Project\MyGithubPublicProject\community\target\classes\mapper\QuestionMapper.xml]
### The error may involve com.bx.community.mapper.QuestionMapper.selectByExample-Inline
### The error occurred while setting parameters
### SQL: select                   'true' as QUERYID,               id, title, gmt_create, gmt_modified, CREATOR, comment_count, view_count, like_count,      tag, top             from question                                  WHERE (  top = ? )                                        order by gmtModified desc
### Cause: java.sql.SQLSyntaxErrorException: Unknown column 'gmtModified' in 'order clause'
; bad SQL grammar []; nested exception is java.sql.SQLSyntaxErrorException: Unknown column 'gmtModified' in 'order clause']
2021-03-30 11:19:06.033  INFO 15112 --- [restartedMain] com.bx.community.CommunityApplication    : Starting CommunityApplication using Java 1.8.0_191 on LAPTOP-T8SEC5B9 with PID 15112 (E:\AAAFrequently-used\Project\MyGithubPublicProject\community\target\classes started by hbx in E:\AAAFrequently-used\Project\MyGithubPublicProject\community)
2021-03-30 11:19:06.036  INFO 15112 --- [restartedMain] com.bx.community.CommunityApplication    : No active profile set, falling back to default profiles: default
2021-03-30 11:19:06.084  INFO 15112 --- [restartedMain] .e.DevToolsPropertyDefaultsPostProcessor : Devtools property defaults active! Set 'spring.devtools.add-properties' to 'false' to disable
2021-03-30 11:19:06.085  INFO 15112 --- [restartedMain] .e.DevToolsPropertyDefaultsPostProcessor : For additional web related logging consider setting the 'logging.level.web' property to 'DEBUG'
2021-03-30 11:19:06.100  WARN 15112 --- [background-preinit] o.s.h.c.j.Jackson2ObjectMapperBuilder    : For Jackson Kotlin classes support please add "com.fasterxml.jackson.module:jackson-module-kotlin" to the classpath
2021-03-30 11:19:06.970  INFO 15112 --- [restartedMain] o.s.b.w.embedded.tomcat.TomcatWebServer  : Tomcat initialized with port(s): 8080 (http)
2021-03-30 11:19:06.977  INFO 15112 --- [restartedMain] o.apache.catalina.core.StandardService   : Starting service [Tomcat]
2021-03-30 11:19:06.977  INFO 15112 --- [restartedMain] org.apache.catalina.core.StandardEngine  : Starting Servlet engine: [Apache Tomcat/9.0.41]
2021-03-30 11:19:07.069  INFO 15112 --- [restartedMain] o.a.c.c.C.[Tomcat].[localhost].[/]       : Initializing Spring embedded WebApplicationContext
2021-03-30 11:19:07.070  INFO 15112 --- [restartedMain] w.s.c.ServletWebServerApplicationContext : Root WebApplicationContext: initialization completed in 984 ms
2021-03-30 11:19:07.101  INFO 15112 --- [restartedMain] com.zaxxer.hikari.HikariDataSource       : HikariPool-1 - Starting...
2021-03-30 11:19:07.535  INFO 15112 --- [restartedMain] com.zaxxer.hikari.HikariDataSource       : HikariPool-1 - Start completed.
2021-03-30 11:19:07.539  INFO 15112 --- [restartedMain] o.s.b.a.h2.H2ConsoleAutoConfiguration    : H2 console available at '/h2-console'. Database available at 'jdbc:mysql://127.0.0.1:3306/community?serverTimezone=UTC'
2021-03-30 11:19:07.980  INFO 15112 --- [restartedMain] o.s.s.concurrent.ThreadPoolTaskExecutor  : Initializing ExecutorService 'applicationTaskExecutor'
2021-03-30 11:19:08.032  INFO 15112 --- [restartedMain] o.s.b.a.w.s.WelcomePageHandlerMapping    : Adding welcome page template: index
2021-03-30 11:19:08.134  INFO 15112 --- [restartedMain] o.s.s.c.ThreadPoolTaskScheduler          : Initializing ExecutorService 'taskScheduler'
2021-03-30 11:19:08.204  INFO 15112 --- [restartedMain] o.s.b.d.a.OptionalLiveReloadServer       : LiveReload server is running on port 35729
2021-03-30 11:19:08.229  INFO 15112 --- [restartedMain] o.s.b.w.embedded.tomcat.TomcatWebServer  : Tomcat started on port(s): 8080 (http) with context path ''
2021-03-30 11:19:08.238  INFO 15112 --- [scheduling-1] com.bx.community.schedule.HotTagTasks    : hotTagSchedule start Tue Mar 30 11:19:08 CST 2021
2021-03-30 11:19:08.240  INFO 15112 --- [restartedMain] com.bx.community.CommunityApplication    : Started CommunityApplication in 2.598 seconds (JVM running for 3.497)
2021-03-30 11:19:08.305  INFO 15112 --- [scheduling-1] com.bx.community.schedule.HotTagTasks    : hotTagSchedule stop Tue Mar 30 11:19:08 CST 2021
2021-03-30 11:19:13.668  INFO 15112 --- [http-nio-8080-exec-1] o.a.c.c.C.[Tomcat].[localhost].[/]       : Initializing Spring DispatcherServlet 'dispatcherServlet'
2021-03-30 11:19:13.668  INFO 15112 --- [http-nio-8080-exec-1] o.s.web.servlet.DispatcherServlet        : Initializing Servlet 'dispatcherServlet'
2021-03-30 11:19:13.669  INFO 15112 --- [http-nio-8080-exec-1] o.s.web.servlet.DispatcherServlet        : Completed initialization in 1 ms
